mode: atomic
scroll-tech/internal/docker/docker_geth.go:19.13,22.16 3 1
scroll-tech/internal/docker/docker_geth.go:25.2,25.47 1 1
scroll-tech/internal/docker/docker_geth.go:22.16,23.13 1 0
scroll-tech/internal/docker/docker_geth.go:44.88,54.2 1 2
scroll-tech/internal/docker/docker_geth.go:57.33,59.14 2 2
scroll-tech/internal/docker/docker_geth.go:62.2,64.16 3 2
scroll-tech/internal/docker/docker_geth.go:68.2,68.12 1 2
scroll-tech/internal/docker/docker_geth.go:59.14,61.3 1 0
scroll-tech/internal/docker/docker_geth.go:64.16,67.3 2 0
scroll-tech/internal/docker/docker_geth.go:72.37,73.16 1 2
scroll-tech/internal/docker/docker_geth.go:76.2,76.14 1 2
scroll-tech/internal/docker/docker_geth.go:73.16,75.3 1 0
scroll-tech/internal/docker/docker_geth.go:77.23,78.56 1 2
scroll-tech/internal/docker/docker_geth.go:79.21,80.52 1 0
scroll-tech/internal/docker/docker_geth.go:81.10,82.19 1 0
scroll-tech/internal/docker/docker_geth.go:86.31,89.41 3 2
scroll-tech/internal/docker/docker_geth.go:98.2,100.9 2 2
scroll-tech/internal/docker/docker_geth.go:89.41,90.37 1 85
scroll-tech/internal/docker/docker_geth.go:90.37,91.11 1 3
scroll-tech/internal/docker/docker_geth.go:92.28,92.28 0 3
scroll-tech/internal/docker/docker_geth.go:93.12,94.11 1 0
scroll-tech/internal/docker/docker_geth.go:101.14,103.20 2 2
scroll-tech/internal/docker/docker_geth.go:104.43,105.15 1 0
scroll-tech/internal/docker/docker_geth.go:110.32,111.16 1 2
scroll-tech/internal/docker/docker_geth.go:114.2,119.14 4 2
scroll-tech/internal/docker/docker_geth.go:127.2,127.71 1 2
scroll-tech/internal/docker/docker_geth.go:111.16,113.3 1 0
scroll-tech/internal/docker/docker_geth.go:119.14,121.62 2 2
scroll-tech/internal/docker/docker_geth.go:124.3,124.12 1 2
scroll-tech/internal/docker/docker_geth.go:121.62,123.4 1 0
scroll-tech/internal/docker/docker_geth.go:130.38,133.21 3 2
scroll-tech/internal/docker/docker_geth.go:136.2,136.19 1 2
scroll-tech/internal/docker/docker_geth.go:140.2,141.21 2 2
scroll-tech/internal/docker/docker_geth.go:145.2,145.20 1 2
scroll-tech/internal/docker/docker_geth.go:149.2,152.30 3 2
scroll-tech/internal/docker/docker_geth.go:133.21,135.3 1 2
scroll-tech/internal/docker/docker_geth.go:136.19,138.3 1 0
scroll-tech/internal/docker/docker_geth.go:141.21,143.3 1 0
scroll-tech/internal/docker/docker_geth.go:145.20,147.3 1 0
scroll-tech/internal/docker/interface.go:16.41,22.18 4 9
scroll-tech/internal/docker/interface.go:25.2,25.11 1 3
scroll-tech/internal/docker/interface.go:22.18,24.3 1 6
scroll-tech/internal/docker/cmd.go:24.32,30.43 2 3
scroll-tech/internal/docker/cmd.go:36.2,36.12 1 3
scroll-tech/internal/docker/cmd.go:30.43,31.37 1 152
scroll-tech/internal/docker/cmd.go:31.37,33.4 1 0
scroll-tech/internal/docker/cmd.go:40.55,42.2 1 6
scroll-tech/internal/docker/cmd.go:45.40,46.41 1 3
scroll-tech/internal/docker/cmd.go:46.41,48.3 1 3
scroll-tech/internal/docker/cmd.go:52.52,54.14 2 3
scroll-tech/internal/docker/cmd.go:54.14,56.3 1 3
scroll-tech/internal/docker/cmd.go:56.8,58.3 1 0
scroll-tech/internal/docker/cmd.go:62.37,64.2 1 0
scroll-tech/internal/docker/cmd.go:66.47,69.26 3 152
scroll-tech/internal/docker/cmd.go:76.2,76.23 1 152
scroll-tech/internal/docker/cmd.go:69.26,70.56 1 152
scroll-tech/internal/docker/cmd.go:70.56,74.4 3 267
scroll-tech/internal/docker/cmd.go:79.37,84.2 4 3
scroll-tech/internal/docker/docker_db.go:29.83,38.2 1 1
scroll-tech/internal/docker/docker_db.go:41.31,43.14 2 1
scroll-tech/internal/docker/docker_db.go:46.2,48.16 3 1
scroll-tech/internal/docker/docker_db.go:52.2,52.12 1 1
scroll-tech/internal/docker/docker_db.go:43.14,45.3 1 0
scroll-tech/internal/docker/docker_db.go:48.16,51.3 2 0
scroll-tech/internal/docker/docker_db.go:56.30,57.16 1 1
scroll-tech/internal/docker/docker_db.go:60.2,65.14 4 1
scroll-tech/internal/docker/docker_db.go:73.2,73.71 1 1
scroll-tech/internal/docker/docker_db.go:57.16,59.3 1 0
scroll-tech/internal/docker/docker_db.go:65.14,67.62 2 1
scroll-tech/internal/docker/docker_db.go:70.3,70.12 1 1
scroll-tech/internal/docker/docker_db.go:67.62,69.4 1 0
scroll-tech/internal/docker/docker_db.go:77.35,78.16 1 1
scroll-tech/internal/docker/docker_db.go:81.2,81.108 1 1
scroll-tech/internal/docker/docker_db.go:78.16,80.3 1 0
scroll-tech/internal/docker/docker_db.go:84.41,90.18 4 0
scroll-tech/internal/docker/docker_db.go:94.2,94.14 1 0
scroll-tech/internal/docker/docker_db.go:90.18,92.3 1 0
scroll-tech/internal/docker/docker_db.go:97.36,106.2 4 1
scroll-tech/internal/docker/docker_db.go:108.29,111.41 3 1
scroll-tech/internal/docker/docker_db.go:120.2,122.9 2 1
scroll-tech/internal/docker/docker_db.go:111.41,112.37 1 30
scroll-tech/internal/docker/docker_db.go:112.37,113.11 1 2
scroll-tech/internal/docker/docker_db.go:114.28,114.28 0 2
scroll-tech/internal/docker/docker_db.go:115.12,116.11 1 0
scroll-tech/internal/docker/docker_db.go:123.14,126.20 3 1
scroll-tech/internal/docker/docker_db.go:127.43,128.15 1 0
